[15:55:17] [main/INFO]: Setting user: ForgeDevName
[15:55:20] [Client thread/INFO]: LWJGL Version: 2.9.1
[15:55:32] [Client thread/INFO]: Reloading ResourceManager: Default, FMLFileResourcePack:Forge Mod Loader, FMLFileResourcePack:Minecraft Forge, FMLFileResourcePack:Potatium Craft
[15:55:33] [Sound Library Loader/INFO]: Sound engine started
[15:55:37] [Client thread/INFO]: Created: 512x256 textures/blocks-atlas
[15:55:38] [Client thread/INFO]: Created: 256x256 textures/items-atlas
[15:55:38] [Client thread/INFO]: Reloading ResourceManager: Default, FMLFileResourcePack:Forge Mod Loader, FMLFileResourcePack:Minecraft Forge, FMLFileResourcePack:Potatium Craft
[15:55:39] [Client thread/INFO]: Created: 256x256 textures/items-atlas
[15:55:39] [Client thread/INFO]: Created: 512x256 textures/blocks-atlas
[15:55:40] [Sound Library Loader/INFO]: Sound engine started
[15:55:46] [Server thread/INFO]: Starting integrated minecraft server version 1.7.10
[15:55:46] [Server thread/INFO]: Generating keypair
[15:55:47] [Server thread/INFO]: Preparing start region for level 0
[15:55:48] [Server thread/INFO]: Preparing spawn area: 80%
[15:55:49] [Server thread/INFO]: Changing view distance to 2, from 10
[15:55:50] [Server thread/INFO]: ForgeDevName[local:E:8a3e53b1] logged in with entity id 180 at (-657.4493868918977, 5.0, -133.9276879451818)
[15:55:50] [Server thread/INFO]: ForgeDevName joined the game
[15:56:43] [Server thread/INFO]: Saving and pausing game...
[15:56:44] [Server thread/INFO]: Saving chunks for level 'New World'/Overworld
[15:56:44] [Server thread/INFO]: Saving chunks for level 'New World'/Nether
[15:56:44] [Server thread/INFO]: Saving chunks for level 'New World'/The End
[15:56:57] [Server thread/INFO]: Stopping server
[15:56:57] [Server thread/INFO]: Saving players
[15:56:57] [Server thread/INFO]: Saving worlds
[15:56:57] [Server thread/INFO]: Saving chunks for level 'New World'/Overworld
[15:56:57] [Server thread/INFO]: Saving chunks for level 'New World'/Nether
[15:56:57] [Server thread/INFO]: Saving chunks for level 'New World'/The End
[15:56:58] [Client thread/INFO]: Stopping!
